c:\users\lluc estruch\onedrive\documentos\github\nano-engine\debug\vc142.pdb
c:\users\lluc estruch\onedrive\documentos\github\nano-engine\debug\vc142.idb
c:\users\lluc estruch\onedrive\documentos\github\nano-engine\debug\ray.obj
c:\users\lluc estruch\onedrive\documentos\github\nano-engine\debug\polyhedron.obj
c:\users\lluc estruch\onedrive\documentos\github\nano-engine\debug\polygon.obj
c:\users\lluc estruch\onedrive\documentos\github\nano-engine\debug\plane.obj
c:\users\lluc estruch\onedrive\documentos\github\nano-engine\debug\obb.obj
c:\users\lluc estruch\onedrive\documentos\github\nano-engine\debug\linesegment.obj
c:\users\lluc estruch\onedrive\documentos\github\nano-engine\debug\line.obj
c:\users\lluc estruch\onedrive\documentos\github\nano-engine\debug\frustum.obj
c:\users\lluc estruch\onedrive\documentos\github\nano-engine\debug\cylinder.obj
c:\users\lluc estruch\onedrive\documentos\github\nano-engine\debug\cone.obj
c:\users\lluc estruch\onedrive\documentos\github\nano-engine\debug\circle.obj
c:\users\lluc estruch\onedrive\documentos\github\nano-engine\debug\capsule.obj
c:\users\lluc estruch\onedrive\documentos\github\nano-engine\debug\aabb.obj
c:\users\lluc estruch\onedrive\documentos\github\nano-engine\debug\lcg.obj
c:\users\lluc estruch\onedrive\documentos\github\nano-engine\debug\main.obj
c:\users\lluc estruch\onedrive\documentos\github\nano-engine\debug\log.obj
c:\users\lluc estruch\onedrive\documentos\github\nano-engine\debug\light.obj
c:\users\lluc estruch\onedrive\documentos\github\nano-engine\debug\glmath.obj
c:\users\lluc estruch\onedrive\documentos\github\nano-engine\debug\color.obj
c:\users\lluc estruch\onedrive\documentos\github\nano-engine\debug\application.obj
c:\users\lluc estruch\onedrive\documentos\github\nano-engine\debug\moduleeditor.obj
c:\users\lluc estruch\onedrive\documentos\github\nano-engine\debug\modulecamera3d.obj
c:\users\lluc estruch\onedrive\documentos\github\nano-engine\debug\clock.obj
c:\users\lluc estruch\onedrive\documentos\github\nano-engine\debug\transformops.obj
c:\users\lluc estruch\onedrive\documentos\github\nano-engine\debug\ssemath.obj
c:\users\lluc estruch\onedrive\documentos\github\nano-engine\debug\quat.obj
c:\users\lluc estruch\onedrive\documentos\github\nano-engine\debug\polynomial.obj
c:\users\lluc estruch\onedrive\documentos\github\nano-engine\debug\mathops.obj
c:\users\lluc estruch\onedrive\documentos\github\nano-engine\debug\mathlog.obj
c:\users\lluc estruch\onedrive\documentos\github\nano-engine\debug\mathfunc.obj
c:\users\lluc estruch\onedrive\documentos\github\nano-engine\debug\float4x4.obj
c:\users\lluc estruch\onedrive\documentos\github\nano-engine\debug\float4.obj
c:\users\lluc estruch\onedrive\documentos\github\nano-engine\debug\float3x4.obj
c:\users\lluc estruch\onedrive\documentos\github\nano-engine\debug\float3x3.obj
c:\users\lluc estruch\onedrive\documentos\github\nano-engine\debug\float3.obj
c:\users\lluc estruch\onedrive\documentos\github\nano-engine\debug\float2.obj
c:\users\lluc estruch\onedrive\documentos\github\nano-engine\debug\bitops.obj
c:\users\lluc estruch\onedrive\documentos\github\nano-engine\debug\trianglemesh.obj
c:\users\lluc estruch\onedrive\documentos\github\nano-engine\debug\triangle.obj
c:\users\lluc estruch\onedrive\documentos\github\nano-engine\debug\sphere.obj
c:\users\lluc estruch\onedrive\documentos\github\nano-engine\debug\timer.obj
c:\users\lluc estruch\onedrive\documentos\github\nano-engine\debug\primitive.obj
c:\users\lluc estruch\onedrive\documentos\github\nano-engine\debug\modulewindow.obj
c:\users\lluc estruch\onedrive\documentos\github\nano-engine\debug\moduletextures.obj
c:\users\lluc estruch\onedrive\documentos\github\nano-engine\debug\modulerenderer3d.obj
c:\users\lluc estruch\onedrive\documentos\github\nano-engine\debug\moduleinput.obj
c:\users\lluc estruch\onedrive\documentos\github\nano-engine\debug\modulegeometry.obj
c:\users\lluc estruch\onedrive\documentos\github\nano-engine\debug\modulefilesystem.obj
c:\users\lluc estruch\onedrive\documentos\github\nano-engine\debug\imgui_widgets.obj
c:\users\lluc estruch\onedrive\documentos\github\nano-engine\debug\imgui_tables.obj
c:\users\lluc estruch\onedrive\documentos\github\nano-engine\debug\imgui_draw.obj
c:\users\lluc estruch\onedrive\documentos\github\nano-engine\debug\imgui_demo.obj
c:\users\lluc estruch\onedrive\documentos\github\nano-engine\debug\imgui.obj
c:\users\lluc estruch\onedrive\documentos\github\nano-engine\debug\imgui_impl_sdlrenderer2.obj
c:\users\lluc estruch\onedrive\documentos\github\nano-engine\debug\imgui_impl_sdl2.obj
c:\users\lluc estruch\onedrive\documentos\github\nano-engine\debug\imgui_impl_opengl3.obj
c:\users\lluc estruch\onedrive\documentos\github\nano-engine\debug\parson.obj
c:\users\lluc estruch\onedrive\documentos\github\nano-engine\debug\nano engine.pdb
c:\users\lluc estruch\onedrive\documentos\github\nano-engine\debug\nano engine.tlog\cl.command.1.tlog
c:\users\lluc estruch\onedrive\documentos\github\nano-engine\debug\nano engine.tlog\cl.read.1.tlog
c:\users\lluc estruch\onedrive\documentos\github\nano-engine\debug\nano engine.tlog\cl.write.1.tlog
c:\users\lluc estruch\onedrive\documentos\github\nano-engine\debug\nano engine.tlog\link-cvtres.read.1.tlog
c:\users\lluc estruch\onedrive\documentos\github\nano-engine\debug\nano engine.tlog\link-cvtres.write.1.tlog
c:\users\lluc estruch\onedrive\documentos\github\nano-engine\debug\nano engine.tlog\link-rc.read.1.tlog
c:\users\lluc estruch\onedrive\documentos\github\nano-engine\debug\nano engine.tlog\link-rc.write.1.tlog
c:\users\lluc estruch\onedrive\documentos\github\nano-engine\debug\nano engine.tlog\link.command.1.tlog
c:\users\lluc estruch\onedrive\documentos\github\nano-engine\debug\nano engine.tlog\link.read.1.tlog
c:\users\lluc estruch\onedrive\documentos\github\nano-engine\debug\nano engine.tlog\link.write.1.tlog
